Arguments: 
  C:\Program Files\nodejs\node.exe C:\Users\Danny\AppData\Roaming\npm\node_modules\yarn\bin\yarn.js

PATH: 
  C:\WINDOWS\system32;C:\WINDOWS;C:\WINDOWS\System32\Wbem;C:\WINDOWS\System32\WindowsPowerShell\v1.0\;C:\Program Files\PuTTY\;C:\WINDOWS\System32\OpenSSH\;C:\Program Files\Git\cmd;C:\Program Files\nodejs\;C:\Users\Danny\AppData\Local\Programs\Python\Python37\Scripts\;C:\Users\Danny\AppData\Local\Programs\Python\Python37\;C:\Users\Danny\AppData\Local\Microsoft\WindowsApps;C:\Users\Danny\AppData\Local\lektor-cli;C:\Users\Danny\AppData\Local\Programs\Microsoft VS Code\bin;C:\Users\Danny\AppData\Roaming\npm;

Yarn version: 
  1.22.10

Node version: 
  14.15.4

Platform: 
  win32 x64

Trace: 
  Error: https://registry.yarnpkg.com/date-fns/-/date-fns-2.19.0.tgz: ESOCKETTIMEDOUT
      at ClientRequest.<anonymous> (C:\Users\Danny\AppData\Roaming\npm\node_modules\yarn\lib\cli.js:141289:19)
      at Object.onceWrapper (events.js:421:28)
      at ClientRequest.emit (events.js:315:20)
      at TLSSocket.emitRequestTimeout (_http_client.js:784:9)
      at Object.onceWrapper (events.js:421:28)
      at TLSSocket.emit (events.js:327:22)
      at TLSSocket.Socket._onTimeout (net.js:483:8)
      at listOnTimeout (internal/timers.js:554:17)
      at processTimers (internal/timers.js:497:7)

npm manifest: 
  {
    "name": "rotarunner",
    "version": "1.0.0",
    "description": "Rota manager",
    "main": "index.js",
    "repository": "https://github.com/djsilcock/rotarunner",
    "author": "djsilcock <djsilcock@users.noreply.github.com>",
    "license": "MIT",
    "scripts": {
      "start": "next",
      "build": "next build",
      "dev": "next dev"
    },
    "dependencies": {
      "@date-io/date-fns": "1",
      "@material-ui/core": "^4.11.3",
      "@material-ui/icons": "^4.11.2",
      "@material-ui/pickers": "^3.2.10",
      "classnames": "^2.2.6",
      "date-fns": "^2.18.0",
      "mobx": "^6.1.7",
      "mobx-react-lite": "^3.2.0",
      "mobx-utils": "^6.0.3",
      "next": "^10.0.6",
      "react": "^17.0.1",
      "react-dom": "^17.0.1",
      "sass": "^1.32.8"
    },
    "devDependencies": {
      "@cypress/react": "^4.16.4",
      "@types/node": "^14.14.35",
      "@typescript-eslint/eslint-plugin": "^4.19.0",
      "@typescript-eslint/parser": "^4.19.0",
      "cypress": "^6.8.0",
      "eslint": "^7.22.0",
      "eslint-plugin-react": "^7.22.0",
      "prettier": "^2.2.1",
      "typescript": "^4.2.3"
    },
    "dependenciesMeta": {
      "cypress@6.8.0": {
        "unplugged": true
      }
    }
  }

yarn manifest: 
  No manifest

Lockfile: 
  No lockfile
